[0.249s] Invoking command in '/home/kailync/ros2_ws/build/fizzbuzz_interfaces': /usr/bin/cmake --build /home/kailync/ros2_ws/build/fizzbuzz_interfaces -- -j6 -l6
[0.472s] -- Found ament_cmake: 1.3.11 (/opt/ros/humble/share/ament_cmake/cmake)
[0.484s] -- Found rosidl_default_generators: 1.2.0 (/opt/ros/humble/share/rosidl_default_generators/cmake)
[0.488s] -- Using all available rosidl_typesupport_c: rosidl_typesupport_fastrtps_c;rosidl_typesupport_introspection_c
[0.493s] -- Found rosidl_adapter: 3.1.6 (/opt/ros/humble/share/rosidl_adapter/cmake)
[0.543s] -- Using all available rosidl_typesupport_cpp: rosidl_typesupport_fastrtps_cpp;rosidl_typesupport_introspection_cpp
[0.743s] Error parsing '/home/kailync/ros2_ws/src/fizzbuzz_interfaces/package.xml':
[0.816s] Traceback (most recent call last):
[0.816s]   File "/opt/ros/humble/share/ament_cmake_core/cmake/core/package_xml_2_cmake.py", line 150, in <module>
[0.816s]     main()
[0.816s]   File "/opt/ros/humble/share/ament_cmake_core/cmake/core/package_xml_2_cmake.py", line 53, in main
[0.816s]     raise e
[0.816s]   File "/opt/ros/humble/share/ament_cmake_core/cmake/core/package_xml_2_cmake.py", line 49, in main
[0.816s]     package = parse_package_string(
[0.816s]   File "/usr/lib/python3/dist-packages/catkin_pkg/package.py", line 788, in parse_package_string
[0.817s]     pkg.validate(warnings=warnings)
[0.817s]   File "/usr/lib/python3/dist-packages/catkin_pkg/package.py", line 330, in validate
[0.818s]     raise InvalidPackage('\n'.join(errors), self.filename)
[0.818s] catkin_pkg.package.InvalidPackage: Error(s) in package '/home/kailync/ros2_ws/src/fizzbuzz_interfaces/package.xml':
[0.818s] The package "fizzbuzz_interfaces" must not "exec_depend" on a package with the same name as this package
[0.832s] [31mCMake Error at /opt/ros/humble/share/ament_cmake_core/cmake/core/ament_package_xml.cmake:95 (message):
[0.832s]   execute_process(/usr/bin/python3
[0.832s]   /opt/ros/humble/share/ament_cmake_core/cmake/core/package_xml_2_cmake.py
[0.833s]   /home/kailync/ros2_ws/src/fizzbuzz_interfaces/package.xml
[0.833s]   /home/kailync/ros2_ws/build/fizzbuzz_interfaces/ament_cmake_core/package.cmake)
[0.833s]   returned error code 1
[0.833s] Call Stack (most recent call first):
[0.833s]   /opt/ros/humble/share/ament_cmake_core/cmake/core/ament_package_xml.cmake:49 (_ament_package_xml)
[0.833s]   /opt/ros/humble/share/rosidl_cmake/cmake/rosidl_generate_interfaces.cmake:226 (ament_package_xml)
[0.833s]   CMakeLists.txt:15 (rosidl_generate_interfaces)
[0.833s] 
[0.833s] [0m
[0.834s] -- Configuring incomplete, errors occurred!
[0.834s] See also "/home/kailync/ros2_ws/build/fizzbuzz_interfaces/CMakeFiles/CMakeOutput.log".
[0.843s] gmake: *** [Makefile:747: cmake_check_build_system] Error 1
[0.847s] Invoked command in '/home/kailync/ros2_ws/build/fizzbuzz_interfaces' returned '2': /usr/bin/cmake --build /home/kailync/ros2_ws/build/fizzbuzz_interfaces -- -j6 -l6
